<?xml version="1.0" encoding="UTF-8"?>
<testsuite name="CalculatorServiceTest" tests="1" skipped="0" failures="0" errors="0" timestamp="2021-01-10T16:12:55" hostname="DESKTOP-SQA3D42" time="0.033">
  <properties/>
  <testcase name="testCalculation" classname="CalculatorServiceTest" time="0.033"/>
  <system-out><![CDATA[]]></system-out>
  <system-err><![CDATA[]]></system-err>
</testsuite>
